# JRE version: OpenJDK Runtime Environment Temurin-21.0.8+9 (21.0.8+9) (build 21.0.8+9-LTS)
# Java VM: OpenJDK 64-Bit Server VM Temurin-21.0.8+9 (21.0.8+9-LTS, mixed mode, sharing, tiered, compressed oops, compressed class ptrs, parallel gc, windows-amd64)
GC Precious Log:
 CardTable entry size: 512
 CPUs: 8 total, 8 available
 Memory: 20259M
 Large Page Support: Disabled
 NUMA Support: Disabled
 Compressed Oops: Enabled (32-bit)
 Alignments: Space 512K, Generation 512K, Heap 2M
 Heap Min Capacity: 100M
 Heap Initial Capacity: 100M
 Heap Max Capacity: 2G
 Pre-touch: Disabled
 Parallel Workers: 8
Heap:
 PSYoungGen      total 6144K, used 6116K [0x00000000d5580000, 0x00000000d6180000, 0x0000000100000000)
  eden space 5632K, 100% used [0x00000000d5580000,0x00000000d5b00000,0x00000000d5b00000)
  from space 512K, 94% used [0x00000000d6100000,0x00000000d6179278,0x00000000d6180000)
  to   space 1536K, 0% used [0x00000000d5e80000,0x00000000d5e80000,0x00000000d6000000)
 ParOldGen       total 792064K, used 791952K [0x0000000080000000, 0x00000000b0580000, 0x00000000d5580000)
  object space 792064K, 99% used [0x0000000080000000,0x00000000b0564260,0x00000000b0580000)
 Metaspace       used 91535K, committed 93248K, reserved 1179648K
  class space    used 8840K, committed 9728K, reserved 1048576K
GC Heap History (20 events):
Event: 82571.060 GC heap before
{Heap before GC invocations=7835 (full 20):
 PSYoungGen      total 7680K, used 6016K [0x00000000d5580000, 0x00000000d6380000, 0x0000000100000000)
  eden space 5632K, 100% used [0x00000000d5580000,0x00000000d5b00000,0x00000000d5b00000)
  from space 2048K, 18% used [0x00000000d5f80000,0x00000000d5fe0000,0x00000000d6180000)
  to   space 1024K, 0% used [0x00000000d6280000,0x00000000d6280000,0x00000000d6380000)
 ParOldGen       total 785920K, used 785814K [0x0000000080000000, 0x00000000aff80000, 0x00000000d5580000)
  object space 785920K, 99% used [0x0000000080000000,0x00000000aff65b80,0x00000000aff80000)
 Metaspace       used 91166K, committed 92992K, reserved 1179648K
  class space    used 8788K, committed 9728K, reserved 1048576K
}
Event: 82571.062 GC heap after
{Heap after GC invocations=7835 (full 20):
 PSYoungGen      total 6656K, used 544K [0x00000000d5580000, 0x00000000d6380000, 0x0000000100000000)
  eden space 5632K, 0% used [0x00000000d5580000,0x00000000d5580000,0x00000000d5b00000)
  from space 1024K, 53% used [0x00000000d6280000,0x00000000d6308000,0x00000000d6380000)
  to   space 1024K, 0% used [0x00000000d6180000,0x00000000d6180000,0x00000000d6280000)
 ParOldGen       total 786432K, used 786014K [0x0000000080000000, 0x00000000b0000000, 0x00000000d5580000)
  object space 786432K, 99% used [0x0000000080000000,0x00000000aff97b80,0x00000000b0000000)
 Metaspace       used 91166K, committed 92992K, reserved 1179648K
  class space    used 8788K, committed 9728K, reserved 1048576K
}
Event: 82571.144 GC heap before
{Heap before GC invocations=7836 (full 20):
 PSYoungGen      total 6656K, used 6176K [0x00000000d5580000, 0x00000000d6380000, 0x0000000100000000)
  eden space 5632K, 100% used [0x00000000d5580000,0x00000000d5b00000,0x00000000d5b00000)
  from space 1024K, 53% used [0x00000000d6280000,0x00000000d6308000,0x00000000d6380000)
  to   space 1024K, 0% used [0x00000000d6180000,0x00000000d6180000,0x00000000d6280000)
 ParOldGen       total 786432K, used 786014K [0x0000000080000000, 0x00000000b0000000, 0x00000000d5580000)
  object space 786432K, 99% used [0x0000000080000000,0x00000000aff97b80,0x00000000b0000000)
 Metaspace       used 91167K, committed 92992K, reserved 1179648K
  class space    used 8788K, committed 9728K, reserved 1048576K
}
Event: 82571.149 GC heap after
{Heap after GC invocations=7836 (full 20):
 PSYoungGen      total 6656K, used 672K [0x00000000d5580000, 0x00000000d6300000, 0x0000000100000000)
  eden space 5632K, 0% used [0x00000000d5580000,0x00000000d5580000,0x00000000d5b00000)
  from space 1024K, 65% used [0x00000000d6180000,0x00000000d6228000,0x00000000d6280000)
  to   space 512K, 0% used [0x00000000d6280000,0x00000000d6280000,0x00000000d6300000)
 ParOldGen       total 786432K, used 786310K [0x0000000080000000, 0x00000000b0000000, 0x00000000d5580000)
  object space 786432K, 99% used [0x0000000080000000,0x00000000affe1b80,0x00000000b0000000)
 Metaspace       used 91167K, committed 92992K, reserved 1179648K
  class space    used 8788K, committed 9728K, reserved 1048576K
}
Event: 82571.275 GC heap before
{Heap before GC invocations=7837 (full 20):
 PSYoungGen      total 6656K, used 6304K [0x00000000d5580000, 0x00000000d6300000, 0x0000000100000000)
  eden space 5632K, 100% used [0x00000000d5580000,0x00000000d5b00000,0x00000000d5b00000)
  from space 1024K, 65% used [0x00000000d6180000,0x00000000d6228000,0x00000000d6280000)
  to   space 512K, 0% used [0x00000000d6280000,0x00000000d6280000,0x00000000d6300000)
 ParOldGen       total 786432K, used 786310K [0x0000000080000000, 0x00000000b0000000, 0x00000000d5580000)
  object space 786432K, 99% used [0x0000000080000000,0x00000000affe1b80,0x00000000b0000000)
 Metaspace       used 91169K, committed 92992K, reserved 1179648K
  class space    used 8789K, committed 9728K, reserved 1048576K
}
Event: 82571.279 GC heap after
{Heap after GC invocations=7837 (full 20):
 PSYoungGen      total 6144K, used 384K [0x00000000d5580000, 0x00000000d6300000, 0x0000000100000000)
  eden space 5632K, 0% used [0x00000000d5580000,0x00000000d5580000,0x00000000d5b00000)
  from space 512K, 75% used [0x00000000d6280000,0x00000000d62e0000,0x00000000d6300000)
  to   space 512K, 0% used [0x00000000d6200000,0x00000000d6200000,0x00000000d6280000)
 ParOldGen       total 786944K, used 786898K [0x0000000080000000, 0x00000000b0080000, 0x00000000d5580000)
  object space 786944K, 99% used [0x0000000080000000,0x00000000b0074b90,0x00000000b0080000)
 Metaspace       used 91169K, committed 92992K, reserved 1179648K
  class space    used 8789K, committed 9728K, reserved 1048576K
}
Event: 82571.402 GC heap before
{Heap before GC invocations=7838 (full 20):
 PSYoungGen      total 6144K, used 6016K [0x00000000d5580000, 0x00000000d6300000, 0x0000000100000000)
  eden space 5632K, 100% used [0x00000000d5580000,0x00000000d5b00000,0x00000000d5b00000)
  from space 512K, 75% used [0x00000000d6280000,0x00000000d62e0000,0x00000000d6300000)
  to   space 512K, 0% used [0x00000000d6200000,0x00000000d6200000,0x00000000d6280000)
 ParOldGen       total 786944K, used 786898K [0x0000000080000000, 0x00000000b0080000, 0x00000000d5580000)
  object space 786944K, 99% used [0x0000000080000000,0x00000000b0074b90,0x00000000b0080000)
 Metaspace       used 91169K, committed 92992K, reserved 1179648K
  class space    used 8789K, committed 9728K, reserved 1048576K
}
Event: 82571.407 GC heap after
{Heap after GC invocations=7838 (full 20):
 PSYoungGen      total 6144K, used 384K [0x00000000d5580000, 0x00000000d6300000, 0x0000000100000000)
  eden space 5632K, 0% used [0x00000000d5580000,0x00000000d5580000,0x00000000d5b00000)
  from space 512K, 75% used [0x00000000d6200000,0x00000000d6260000,0x00000000d6280000)
  to   space 512K, 0% used [0x00000000d6280000,0x00000000d6280000,0x00000000d6300000)
 ParOldGen       total 787456K, used 787178K [0x0000000080000000, 0x00000000b0100000, 0x00000000d5580000)
  object space 787456K, 99% used [0x0000000080000000,0x00000000b00bab90,0x00000000b0100000)
 Metaspace       used 91169K, committed 92992K, reserved 1179648K
  class space    used 8789K, committed 9728K, reserved 1048576K
}
Event: 82571.660 GC heap before
{Heap before GC invocations=7839 (full 20):
 PSYoungGen      total 6144K, used 6016K [0x00000000d5580000, 0x00000000d6300000, 0x0000000100000000)
  eden space 5632K, 100% used [0x00000000d5580000,0x00000000d5b00000,0x00000000d5b00000)
  from space 512K, 75% used [0x00000000d6200000,0x00000000d6260000,0x00000000d6280000)
  to   space 512K, 0% used [0x00000000d6280000,0x00000000d6280000,0x00000000d6300000)
 ParOldGen       total 787456K, used 787178K [0x0000000080000000, 0x00000000b0100000, 0x00000000d5580000)
  object space 787456K, 99% used [0x0000000080000000,0x00000000b00bab90,0x00000000b0100000)
 Metaspace       used 91169K, committed 92992K, reserved 1179648K
  class space    used 8789K, committed 9728K, reserved 1048576K
}
Event: 82571.663 GC heap after
{Heap after GC invocations=7839 (full 20):
 PSYoungGen      total 6144K, used 512K [0x00000000d5580000, 0x00000000d6300000, 0x0000000100000000)
  eden space 5632K, 0% used [0x00000000d5580000,0x00000000d5580000,0x00000000d5b00000)
  from space 512K, 100% used [0x00000000d6280000,0x00000000d6300000,0x00000000d6300000)
  to   space 1024K, 0% used [0x00000000d6100000,0x00000000d6100000,0x00000000d6200000)
 ParOldGen       total 787968K, used 787498K [0x0000000080000000, 0x00000000b0180000, 0x00000000d5580000)
  object space 787968K, 99% used [0x0000000080000000,0x00000000b010ab90,0x00000000b0180000)
 Metaspace       used 91169K, committed 92992K, reserved 1179648K
  class space    used 8789K, committed 9728K, reserved 1048576K
}
Event: 82571.714 GC heap before
{Heap before GC invocations=7840 (full 20):
 PSYoungGen      total 6144K, used 6144K [0x00000000d5580000, 0x00000000d6300000, 0x0000000100000000)
  eden space 5632K, 100% used [0x00000000d5580000,0x00000000d5b00000,0x00000000d5b00000)
  from space 512K, 100% used [0x00000000d6280000,0x00000000d6300000,0x00000000d6300000)
  to   space 1024K, 0% used [0x00000000d6100000,0x00000000d6100000,0x00000000d6200000)
 ParOldGen       total 787968K, used 787498K [0x0000000080000000, 0x00000000b0180000, 0x00000000d5580000)
  object space 787968K, 99% used [0x0000000080000000,0x00000000b010ab90,0x00000000b0180000)
 Metaspace       used 91191K, committed 92992K, reserved 1179648K
  class space    used 8792K, committed 9728K, reserved 1048576K
}
Event: 82571.721 GC heap after
{Heap after GC invocations=7840 (full 20):
 PSYoungGen      total 6656K, used 1011K [0x00000000d5580000, 0x00000000d6300000, 0x0000000100000000)
  eden space 5632K, 0% used [0x00000000d5580000,0x00000000d5580000,0x00000000d5b00000)
  from space 1024K, 98% used [0x00000000d6100000,0x00000000d61fcc50,0x00000000d6200000)
  to   space 1024K, 0% used [0x00000000d6200000,0x00000000d6200000,0x00000000d6300000)
 ParOldGen       total 788480K, used 788266K [0x0000000080000000, 0x00000000b0200000, 0x00000000d5580000)
  object space 788480K, 99% used [0x0000000080000000,0x00000000b01cab90,0x00000000b0200000)
 Metaspace       used 91191K, committed 92992K, reserved 1179648K
  class space    used 8792K, committed 9728K, reserved 1048576K
}
Event: 82571.746 GC heap before
{Heap before GC invocations=7841 (full 20):
 PSYoungGen      total 6656K, used 6643K [0x00000000d5580000, 0x00000000d6300000, 0x0000000100000000)
  eden space 5632K, 100% used [0x00000000d5580000,0x00000000d5b00000,0x00000000d5b00000)
  from space 1024K, 98% used [0x00000000d6100000,0x00000000d61fcc50,0x00000000d6200000)
  to   space 1024K, 0% used [0x00000000d6200000,0x00000000d6200000,0x00000000d6300000)
 ParOldGen       total 788480K, used 788306K [0x0000000080000000, 0x00000000b0200000, 0x00000000d5580000)
  object space 788480K, 99% used [0x0000000080000000,0x00000000b01d49d0,0x00000000b0200000)
 Metaspace       used 91205K, committed 92992K, reserved 1179648K
  class space    used 8792K, committed 9728K, reserved 1048576K
}
Event: 82571.752 GC heap after
{Heap after GC invocations=7841 (full 20):
 PSYoungGen      total 6656K, used 1024K [0x00000000d5580000, 0x00000000d6300000, 0x0000000100000000)
  eden space 5632K, 0% used [0x00000000d5580000,0x00000000d5580000,0x00000000d5b00000)
  from space 1024K, 100% used [0x00000000d6200000,0x00000000d6300000,0x00000000d6300000)
  to   space 2560K, 0% used [0x00000000d5e00000,0x00000000d5e00000,0x00000000d6080000)
 ParOldGen       total 789504K, used 789385K [0x0000000080000000, 0x00000000b0300000, 0x00000000d5580000)
  object space 789504K, 99% used [0x0000000080000000,0x00000000b02e26e0,0x00000000b0300000)
 Metaspace       used 91205K, committed 92992K, reserved 1179648K
  class space    used 8792K, committed 9728K, reserved 1048576K
}
Event: 82571.798 GC heap before
{Heap before GC invocations=7842 (full 20):
 PSYoungGen      total 6656K, used 6656K [0x00000000d5580000, 0x00000000d6300000, 0x0000000100000000)
  eden space 5632K, 100% used [0x00000000d5580000,0x00000000d5b00000,0x00000000d5b00000)
  from space 1024K, 100% used [0x00000000d6200000,0x00000000d6300000,0x00000000d6300000)
  to   space 2560K, 0% used [0x00000000d5e00000,0x00000000d5e00000,0x00000000d6080000)
 ParOldGen       total 789504K, used 789389K [0x0000000080000000, 0x00000000b0300000, 0x00000000d5580000)
  object space 789504K, 99% used [0x0000000080000000,0x00000000b02e3480,0x00000000b0300000)
 Metaspace       used 91250K, committed 92992K, reserved 1179648K
  class space    used 8800K, committed 9728K, reserved 1048576K
}
Event: 82571.802 GC heap after
{Heap after GC invocations=7842 (full 20):
 PSYoungGen      total 8192K, used 768K [0x00000000d5580000, 0x00000000d6280000, 0x0000000100000000)
  eden space 5632K, 0% used [0x00000000d5580000,0x00000000d5580000,0x00000000d5b00000)
  from space 2560K, 30% used [0x00000000d5e00000,0x00000000d5ec0020,0x00000000d6080000)
  to   space 1536K, 0% used [0x00000000d6100000,0x00000000d6100000,0x00000000d6280000)
 ParOldGen       total 790528K, used 790261K [0x0000000080000000, 0x00000000b0400000, 0x00000000d5580000)
  object space 790528K, 99% used [0x0000000080000000,0x00000000b03bd4a0,0x00000000b0400000)
 Metaspace       used 91250K, committed 92992K, reserved 1179648K
  class space    used 8800K, committed 9728K, reserved 1048576K
}
Event: 82571.847 GC heap before
{Heap before GC invocations=7843 (full 20):
 PSYoungGen      total 8192K, used 6400K [0x00000000d5580000, 0x00000000d6280000, 0x0000000100000000)
  eden space 5632K, 100% used [0x00000000d5580000,0x00000000d5b00000,0x00000000d5b00000)
  from space 2560K, 30% used [0x00000000d5e00000,0x00000000d5ec0020,0x00000000d6080000)
  to   space 1536K, 0% used [0x00000000d6100000,0x00000000d6100000,0x00000000d6280000)
 ParOldGen       total 790528K, used 790261K [0x0000000080000000, 0x00000000b0400000, 0x00000000d5580000)
  object space 790528K, 99% used [0x0000000080000000,0x00000000b03bd4a0,0x00000000b0400000)
 Metaspace       used 91287K, committed 93056K, reserved 1179648K
  class space    used 8802K, committed 9728K, reserved 1048576K
}
Event: 82571.852 GC heap after
{Heap after GC invocations=7843 (full 20):
 PSYoungGen      total 6656K, used 640K [0x00000000d5580000, 0x00000000d6200000, 0x0000000100000000)
  eden space 5632K, 0% used [0x00000000d5580000,0x00000000d5580000,0x00000000d5b00000)
  from space 1024K, 62% used [0x00000000d6100000,0x00000000d61a0000,0x00000000d6200000)
  to   space 1024K, 0% used [0x00000000d6000000,0x00000000d6000000,0x00000000d6100000)
 ParOldGen       total 791040K, used 790601K [0x0000000080000000, 0x00000000b0480000, 0x00000000d5580000)
  object space 791040K, 99% used [0x0000000080000000,0x00000000b04124b0,0x00000000b0480000)
 Metaspace       used 91287K, committed 93056K, reserved 1179648K
  class space    used 8802K, committed 9728K, reserved 1048576K
}
Event: 82571.927 GC heap before
{Heap before GC invocations=7844 (full 20):
 PSYoungGen      total 6656K, used 6272K [0x00000000d5580000, 0x00000000d6200000, 0x0000000100000000)
  eden space 5632K, 100% used [0x00000000d5580000,0x00000000d5b00000,0x00000000d5b00000)
  from space 1024K, 62% used [0x00000000d6100000,0x00000000d61a0000,0x00000000d6200000)
  to   space 1024K, 0% used [0x00000000d6000000,0x00000000d6000000,0x00000000d6100000)
 ParOldGen       total 791040K, used 790601K [0x0000000080000000, 0x00000000b0480000, 0x00000000d5580000)
  object space 791040K, 99% used [0x0000000080000000,0x00000000b04124b0,0x00000000b0480000)
 Metaspace       used 91365K, committed 93120K, reserved 1179648K
  class space    used 8812K, committed 9728K, reserved 1048576K
}
Event: 82571.932 GC heap after
{Heap after GC invocations=7844 (full 20):
 PSYoungGen      total 6656K, used 640K [0x00000000d5580000, 0x00000000d6180000, 0x0000000100000000)
  eden space 5632K, 0% used [0x00000000d5580000,0x00000000d5580000,0x00000000d5b00000)
  from space 1024K, 62% used [0x00000000d6000000,0x00000000d60a0000,0x00000000d6100000)
  to   space 512K, 0% used [0x00000000d6100000,0x00000000d6100000,0x00000000d6180000)
 ParOldGen       total 791552K, used 791129K [0x0000000080000000, 0x00000000b0500000, 0x00000000d5580000)
  object space 791552K, 99% used [0x0000000080000000,0x00000000b04964b0,0x00000000b0500000)
 Metaspace       used 91365K, committed 93120K, reserved 1179648K
  class space    used 8812K, committed 9728K, reserved 1048576K
}

